timestamp: 2017-03-14T12:48:21.902707
CREATE TABLE auth_user(
    id SERIAL PRIMARY KEY,
    first_name VARCHAR(128),
    last_name VARCHAR(128),
    email VARCHAR(512),
    password VARCHAR(512),
    registration_key VARCHAR(512),
    reset_password_key VARCHAR(512),
    registration_id VARCHAR(512),
    address VARCHAR(512),
    phone VARCHAR(512),
    picture VARCHAR(512),
    rearchdescription TEXT,
    additionalinfo TEXT
);
success!
timestamp: 2017-03-14T12:48:22.137340
CREATE TABLE auth_group(
    id SERIAL PRIMARY KEY,
    role VARCHAR(512),
    description TEXT
);
success!
timestamp: 2017-03-14T12:48:22.318859
CREATE TABLE auth_membership(
    id SERIAL PRIMARY KEY,
    user_id INTEGER REFERENCES auth_user (id) ON DELETE CASCADE  ,
    group_id INTEGER REFERENCES auth_group (id) ON DELETE CASCADE  
);
success!
timestamp: 2017-03-14T12:48:22.452558
CREATE TABLE auth_permission(
    id SERIAL PRIMARY KEY,
    group_id INTEGER REFERENCES auth_group (id) ON DELETE CASCADE  ,
    name VARCHAR(512),
    table_name VARCHAR(512),
    record_id INTEGER
);
success!
timestamp: 2017-03-14T12:48:22.652957
CREATE TABLE auth_event(
    id SERIAL PRIMARY KEY,
    time_stamp TIMESTAMP,
    client_ip VARCHAR(512),
    user_id INTEGER REFERENCES auth_user (id) ON DELETE CASCADE  ,
    origin VARCHAR(512),
    description TEXT
);
success!
timestamp: 2017-03-14T12:48:22.829011
CREATE TABLE auth_cas(
    id SERIAL PRIMARY KEY,
    user_id INTEGER REFERENCES auth_user (id) ON DELETE CASCADE  ,
    created_on TIMESTAMP,
    service VARCHAR(512),
    ticket VARCHAR(512),
    renew CHAR(1)
);
success!
timestamp: 2017-03-14T12:48:23.061824
CREATE TABLE settings(
    id SERIAL PRIMARY KEY,
    imagedir VARCHAR(512)
);
success!
timestamp: 2017-03-14T12:48:23.197924
CREATE TABLE location(
    id SERIAL PRIMARY KEY,
    is_active CHAR(1),
    created_on TIMESTAMP,
    created_by INTEGER REFERENCES auth_user (id) ON DELETE CASCADE  ,
    modified_on TIMESTAMP,
    modified_by INTEGER REFERENCES auth_user (id) ON DELETE CASCADE  ,
    country VARCHAR(512),
    state VARCHAR(512),
    city VARCHAR(512),
    place VARCHAR(512),
    latitude FLOAT8,
    longitude FLOAT8,
    yahoowoeid INTEGER,
    googleplaceid VARCHAR(512),
    placetypename VARCHAR(512)
);
success!
timestamp: 2017-03-14T12:48:23.363675
CREATE TABLE doc(
    id SERIAL PRIMARY KEY,
    is_active CHAR(1),
    created_on TIMESTAMP,
    created_by INTEGER REFERENCES auth_user (id) ON DELETE CASCADE  ,
    modified_on TIMESTAMP,
    modified_by INTEGER REFERENCES auth_user (id) ON DELETE CASCADE  ,
    journal VARCHAR(512),
    year TIMESTAMP,
    volume INTEGER,
    issue INTEGER,
    firstpage INTEGER,
    lastpage INTEGER,
    doi VARCHAR(512),
    isbn VARCHAR(512),
    pubmed_id VARCHAR(512),
    title TEXT,
    doctype VARCHAR(512),
    authors VARCHAR(512),
    abstract TEXT,
    url TEXT
);
success!
timestamp: 2017-03-14T12:48:23.538349
CREATE TABLE compound(
    id SERIAL PRIMARY KEY,
    is_active CHAR(1),
    created_on TIMESTAMP,
    created_by INTEGER REFERENCES auth_user (id) ON DELETE CASCADE  ,
    modified_on TIMESTAMP,
    modified_by INTEGER REFERENCES auth_user (id) ON DELETE CASCADE  ,
    inchi VARCHAR(512),
    inchikey VARCHAR(512),
    isosmiles VARCHAR(512),
    cansmiles VARCHAR(512),
    imagepath TEXT,
    addinfo TEXT,
    approved CHAR(1)
);
success!
timestamp: 2017-03-14T12:48:23.747046
CREATE TABLE compound_doc(
    id SERIAL PRIMARY KEY,
    is_active CHAR(1),
    created_on TIMESTAMP,
    created_by INTEGER REFERENCES auth_user (id) ON DELETE CASCADE  ,
    modified_on TIMESTAMP,
    modified_by INTEGER REFERENCES auth_user (id) ON DELETE CASCADE  ,
    compound_id INTEGER REFERENCES compound (id) ON DELETE CASCADE  ,
    doc_id INTEGER REFERENCES doc (id) ON DELETE CASCADE  
);
success!
timestamp: 2017-03-14T12:48:23.830174
CREATE TABLE rdkitstructure(
    id SERIAL PRIMARY KEY,
    is_active CHAR(1),
    created_on TIMESTAMP,
    created_by INTEGER REFERENCES auth_user (id) ON DELETE CASCADE  ,
    modified_on TIMESTAMP,
    modified_by INTEGER REFERENCES auth_user (id) ON DELETE CASCADE  ,
    rdkitstructure mol,
    compound_id INTEGER REFERENCES compound (id) ON DELETE CASCADE  
);
success!
timestamp: 2017-03-14T12:48:24.067811
CREATE TABLE molstructure(
    id SERIAL PRIMARY KEY,
    is_active CHAR(1),
    created_on TIMESTAMP,
    created_by INTEGER REFERENCES auth_user (id) ON DELETE CASCADE  ,
    modified_on TIMESTAMP,
    modified_by INTEGER REFERENCES auth_user (id) ON DELETE CASCADE  ,
    molstructure TEXT,
    compound_id INTEGER REFERENCES compound (id) ON DELETE CASCADE  
);
success!
timestamp: 2017-03-14T12:48:24.240979
CREATE TABLE structuredescriptor(
    id SERIAL PRIMARY KEY,
    is_active CHAR(1),
    created_on TIMESTAMP,
    created_by INTEGER REFERENCES auth_user (id) ON DELETE CASCADE  ,
    modified_on TIMESTAMP,
    modified_by INTEGER REFERENCES auth_user (id) ON DELETE CASCADE  ,
    methodname VARCHAR(512)
);
success!
timestamp: 2017-03-14T12:48:24.410367
CREATE TABLE structure_descriptor(
    id SERIAL PRIMARY KEY,
    is_active CHAR(1),
    created_on TIMESTAMP,
    created_by INTEGER REFERENCES auth_user (id) ON DELETE CASCADE  ,
    modified_on TIMESTAMP,
    modified_by INTEGER REFERENCES auth_user (id) ON DELETE CASCADE  ,
    structuredescriptor_id INTEGER REFERENCES structuredescriptor (id) ON DELETE CASCADE  ,
    structure_id INTEGER REFERENCES rdkitstructure (id) ON DELETE CASCADE  ,
    descriptorvalue NUMERIC(10,4)
);
success!
timestamp: 2017-03-14T12:48:24.609983
CREATE TABLE synonymtype(
    id SERIAL PRIMARY KEY,
    is_active CHAR(1),
    created_on TIMESTAMP,
    created_by INTEGER REFERENCES auth_user (id) ON DELETE CASCADE  ,
    modified_on TIMESTAMP,
    modified_by INTEGER REFERENCES auth_user (id) ON DELETE CASCADE  ,
    synonymtype VARCHAR(512)
);
success!
timestamp: 2017-03-14T12:48:24.869317
CREATE TABLE synonym(
    id SERIAL PRIMARY KEY,
    is_active CHAR(1),
    created_on TIMESTAMP,
    created_by INTEGER REFERENCES auth_user (id) ON DELETE CASCADE  ,
    modified_on TIMESTAMP,
    modified_by INTEGER REFERENCES auth_user (id) ON DELETE CASCADE  ,
    synonymtype_id INTEGER REFERENCES synonymtype (id) ON DELETE CASCADE  ,
    synonymname VARCHAR(512),
    compound_id INTEGER REFERENCES compound (id) ON DELETE CASCADE  
);
success!
timestamp: 2017-03-14T12:48:25.011162
CREATE TABLE classification(
    id SERIAL PRIMARY KEY,
    is_active CHAR(1),
    created_on TIMESTAMP,
    created_by INTEGER REFERENCES auth_user (id) ON DELETE CASCADE  ,
    modified_on TIMESTAMP,
    modified_by INTEGER REFERENCES auth_user (id) ON DELETE CASCADE  ,
    classificationname VARCHAR(512),
    classificationdescription TEXT
);
success!
timestamp: 2017-03-14T12:48:25.169627
CREATE TABLE compound_classification(
    id SERIAL PRIMARY KEY,
    is_active CHAR(1),
    created_on TIMESTAMP,
    created_by INTEGER REFERENCES auth_user (id) ON DELETE CASCADE  ,
    modified_on TIMESTAMP,
    modified_by INTEGER REFERENCES auth_user (id) ON DELETE CASCADE  ,
    compound_id INTEGER REFERENCES compound (id) ON DELETE CASCADE  ,
    classification_id INTEGER REFERENCES classification (id) ON DELETE CASCADE  
);
success!
timestamp: 2017-03-14T12:48:25.269897
CREATE TABLE chemicalclass(
    id SERIAL PRIMARY KEY,
    is_active CHAR(1),
    created_on TIMESTAMP,
    created_by INTEGER REFERENCES auth_user (id) ON DELETE CASCADE  ,
    modified_on TIMESTAMP,
    modified_by INTEGER REFERENCES auth_user (id) ON DELETE CASCADE  ,
    classname_en VARCHAR(512),
    classname_es VARCHAR(512),
    classdescription TEXT
);
success!
timestamp: 2017-03-14T12:48:25.453666
CREATE TABLE compound_chemicalclass(
    id SERIAL PRIMARY KEY,
    is_active CHAR(1),
    created_on TIMESTAMP,
    created_by INTEGER REFERENCES auth_user (id) ON DELETE CASCADE  ,
    modified_on TIMESTAMP,
    modified_by INTEGER REFERENCES auth_user (id) ON DELETE CASCADE  ,
    compound_id INTEGER REFERENCES compound (id) ON DELETE CASCADE  ,
    chemicalclass_id INTEGER REFERENCES chemicalclass (id) ON DELETE CASCADE  
);
success!
timestamp: 2017-03-14T12:48:25.579386
CREATE TABLE isomer(
    id SERIAL PRIMARY KEY,
    is_active CHAR(1),
    created_on TIMESTAMP,
    created_by INTEGER REFERENCES auth_user (id) ON DELETE CASCADE  ,
    modified_on TIMESTAMP,
    modified_by INTEGER REFERENCES auth_user (id) ON DELETE CASCADE  ,
    compound1_id INTEGER REFERENCES compound (id) ON DELETE CASCADE  ,
    compound2_id INTEGER REFERENCES compound (id) ON DELETE CASCADE  
);
success!
timestamp: 2017-03-14T12:48:25.714085
CREATE TABLE compoundproperty(
    id SERIAL PRIMARY KEY,
    is_active CHAR(1),
    created_on TIMESTAMP,
    created_by INTEGER REFERENCES auth_user (id) ON DELETE CASCADE  ,
    modified_on TIMESTAMP,
    modified_by INTEGER REFERENCES auth_user (id) ON DELETE CASCADE  ,
    compound_id INTEGER REFERENCES compound (id) ON DELETE CASCADE  ,
    molecularweight NUMERIC(10,4),
    molecularformula VARCHAR(512),
    molecularvolume NUMERIC(10,3),
    logp NUMERIC(10,4),
    tpsa NUMERIC(10,4),
    hbd INTEGER,
    hba INTEGER,
    numrotatable INTEGER,
    numring INTEGER,
    numn INTEGER,
    numo INTEGER,
    nums INTEGER,
    numro5violation INTEGER
);
success!
timestamp: 2017-03-14T12:48:25.929685
CREATE TABLE extraproperty(
    id SERIAL PRIMARY KEY,
    is_active CHAR(1),
    created_on TIMESTAMP,
    created_by INTEGER REFERENCES auth_user (id) ON DELETE CASCADE  ,
    modified_on TIMESTAMP,
    modified_by INTEGER REFERENCES auth_user (id) ON DELETE CASCADE  ,
    extrapropertyname_en VARCHAR(512),
    extrapropertyname_es VARCHAR(512)
);
success!
timestamp: 2017-03-14T12:48:26.119375
CREATE TABLE compound_extraproperty(
    id SERIAL PRIMARY KEY,
    is_active CHAR(1),
    created_on TIMESTAMP,
    created_by INTEGER REFERENCES auth_user (id) ON DELETE CASCADE  ,
    modified_on TIMESTAMP,
    modified_by INTEGER REFERENCES auth_user (id) ON DELETE CASCADE  ,
    compound_id INTEGER REFERENCES compound (id) ON DELETE CASCADE  ,
    extraproperty_id INTEGER REFERENCES extraproperty (id) ON DELETE CASCADE  ,
    extrapropertyvalue VARCHAR(512)
);
success!
timestamp: 2017-03-14T12:48:26.306836
CREATE TABLE source(
    id SERIAL PRIMARY KEY,
    is_active CHAR(1),
    created_on TIMESTAMP,
    created_by INTEGER REFERENCES auth_user (id) ON DELETE CASCADE  ,
    modified_on TIMESTAMP,
    modified_by INTEGER REFERENCES auth_user (id) ON DELETE CASCADE  ,
    scientificname VARCHAR(512),
    sourcekingdom VARCHAR(512),
    sourcefamily VARCHAR(512),
    sourcegenus VARCHAR(512),
    sourcespecies VARCHAR(512),
    variety VARCHAR(512),
    ethnomedicinalinfo TEXT,
    dbname VARCHAR(512),
    idfromdb VARCHAR(512)
);
success!
timestamp: 2017-03-14T12:48:26.556092
CREATE TABLE sourceimage(
    id SERIAL PRIMARY KEY,
    is_active CHAR(1),
    created_on TIMESTAMP,
    created_by INTEGER REFERENCES auth_user (id) ON DELETE CASCADE  ,
    modified_on TIMESTAMP,
    modified_by INTEGER REFERENCES auth_user (id) ON DELETE CASCADE  ,
    source_id INTEGER REFERENCES source (id) ON DELETE CASCADE  ,
    sourceimage VARCHAR(512),
    credit VARCHAR(512)
);
success!
timestamp: 2017-03-14T12:48:26.739763
CREATE TABLE nativename(
    id SERIAL PRIMARY KEY,
    is_active CHAR(1),
    created_on TIMESTAMP,
    created_by INTEGER REFERENCES auth_user (id) ON DELETE CASCADE  ,
    modified_on TIMESTAMP,
    modified_by INTEGER REFERENCES auth_user (id) ON DELETE CASCADE  ,
    source_id INTEGER REFERENCES source (id) ON DELETE CASCADE  ,
    nativename VARCHAR(512),
    culture VARCHAR(512)
);
success!
timestamp: 2017-03-14T12:48:27.023171
CREATE TABLE commonname(
    id SERIAL PRIMARY KEY,
    is_active CHAR(1),
    created_on TIMESTAMP,
    created_by INTEGER REFERENCES auth_user (id) ON DELETE CASCADE  ,
    modified_on TIMESTAMP,
    modified_by INTEGER REFERENCES auth_user (id) ON DELETE CASCADE  ,
    source_id INTEGER REFERENCES source (id) ON DELETE CASCADE  ,
    commonname VARCHAR(512)
);
success!
timestamp: 2017-03-14T12:48:27.232042
CREATE TABLE medicinal(
    id SERIAL PRIMARY KEY,
    is_active CHAR(1),
    created_on TIMESTAMP,
    created_by INTEGER REFERENCES auth_user (id) ON DELETE CASCADE  ,
    modified_on TIMESTAMP,
    modified_by INTEGER REFERENCES auth_user (id) ON DELETE CASCADE  ,
    medicinaluse_en VARCHAR(512),
    medicinaluse_es VARCHAR(512)
);
success!
timestamp: 2017-03-14T12:48:27.474043
CREATE TABLE source_medicinal(
    id SERIAL PRIMARY KEY,
    is_active CHAR(1),
    created_on TIMESTAMP,
    created_by INTEGER REFERENCES auth_user (id) ON DELETE CASCADE  ,
    modified_on TIMESTAMP,
    modified_by INTEGER REFERENCES auth_user (id) ON DELETE CASCADE  ,
    source_id INTEGER REFERENCES source (id) ON DELETE CASCADE  ,
    medicinal_id INTEGER REFERENCES medicinal (id) ON DELETE CASCADE  
);
success!
timestamp: 2017-03-14T12:48:27.565753
CREATE TABLE food(
    id SERIAL PRIMARY KEY,
    is_active CHAR(1),
    created_on TIMESTAMP,
    created_by INTEGER REFERENCES auth_user (id) ON DELETE CASCADE  ,
    modified_on TIMESTAMP,
    modified_by INTEGER REFERENCES auth_user (id) ON DELETE CASCADE  ,
    fooduse_en VARCHAR(512),
    fooduse_es VARCHAR(512)
);
success!
timestamp: 2017-03-14T12:48:27.698923
CREATE TABLE source_food(
    id SERIAL PRIMARY KEY,
    is_active CHAR(1),
    created_on TIMESTAMP,
    created_by INTEGER REFERENCES auth_user (id) ON DELETE CASCADE  ,
    modified_on TIMESTAMP,
    modified_by INTEGER REFERENCES auth_user (id) ON DELETE CASCADE  ,
    source_id INTEGER REFERENCES source (id) ON DELETE CASCADE  ,
    food_id INTEGER REFERENCES food (id) ON DELETE CASCADE  
);
success!
timestamp: 2017-03-14T12:48:27.833012
CREATE TABLE otheruse(
    id SERIAL PRIMARY KEY,
    is_active CHAR(1),
    created_on TIMESTAMP,
    created_by INTEGER REFERENCES auth_user (id) ON DELETE CASCADE  ,
    modified_on TIMESTAMP,
    modified_by INTEGER REFERENCES auth_user (id) ON DELETE CASCADE  ,
    otherusename VARCHAR(512)
);
success!
timestamp: 2017-03-14T12:48:28.024634
CREATE TABLE source_otheruse(
    id SERIAL PRIMARY KEY,
    is_active CHAR(1),
    created_on TIMESTAMP,
    created_by INTEGER REFERENCES auth_user (id) ON DELETE CASCADE  ,
    modified_on TIMESTAMP,
    modified_by INTEGER REFERENCES auth_user (id) ON DELETE CASCADE  ,
    source_id INTEGER REFERENCES source (id) ON DELETE CASCADE  ,
    otheruse_id INTEGER REFERENCES otheruse (id) ON DELETE CASCADE  
);
success!
timestamp: 2017-03-14T12:48:28.216474
CREATE TABLE source_location(
    id SERIAL PRIMARY KEY,
    is_active CHAR(1),
    created_on TIMESTAMP,
    created_by INTEGER REFERENCES auth_user (id) ON DELETE CASCADE  ,
    modified_on TIMESTAMP,
    modified_by INTEGER REFERENCES auth_user (id) ON DELETE CASCADE  ,
    source_id INTEGER REFERENCES source (id) ON DELETE CASCADE  ,
    location_id INTEGER REFERENCES location (id) ON DELETE CASCADE  
);
success!
timestamp: 2017-03-14T12:48:28.325413
CREATE TABLE source_doc(
    id SERIAL PRIMARY KEY,
    is_active CHAR(1),
    created_on TIMESTAMP,
    created_by INTEGER REFERENCES auth_user (id) ON DELETE CASCADE  ,
    modified_on TIMESTAMP,
    modified_by INTEGER REFERENCES auth_user (id) ON DELETE CASCADE  ,
    source_id INTEGER REFERENCES source (id) ON DELETE CASCADE  ,
    doc_id INTEGER REFERENCES doc (id) ON DELETE CASCADE  
);
success!
timestamp: 2017-03-14T12:48:28.475590
CREATE TABLE message(
    id SERIAL PRIMARY KEY,
    is_active CHAR(1),
    created_on TIMESTAMP,
    created_by INTEGER REFERENCES auth_user (id) ON DELETE CASCADE  ,
    modified_on TIMESTAMP,
    modified_by INTEGER REFERENCES auth_user (id) ON DELETE CASCADE  ,
    messagetitle VARCHAR(512),
    messagebody TEXT,
    usersent_id INTEGER REFERENCES auth_user (id) ON DELETE CASCADE  ,
    userreceiver_id INTEGER REFERENCES auth_user (id) ON DELETE CASCADE  ,
    date TIMESTAMP
);
success!
timestamp: 2017-03-14T12:48:28.692084
CREATE TABLE researchgroup(
    id SERIAL PRIMARY KEY,
    is_active CHAR(1),
    created_on TIMESTAMP,
    created_by INTEGER REFERENCES auth_user (id) ON DELETE CASCADE  ,
    modified_on TIMESTAMP,
    modified_by INTEGER REFERENCES auth_user (id) ON DELETE CASCADE  ,
    reseachname VARCHAR(512),
    institution VARCHAR(512),
    webpage VARCHAR(512),
    email VARCHAR(512),
    telephone VARCHAR(512),
    address VARCHAR(512),
    location_id INTEGER REFERENCES location (id) ON DELETE CASCADE  ,
    logo VARCHAR(512)
);
success!
timestamp: 2017-03-14T12:48:28.784777
CREATE TABLE user_reseach(
    id SERIAL PRIMARY KEY,
    is_active CHAR(1),
    created_on TIMESTAMP,
    created_by INTEGER REFERENCES auth_user (id) ON DELETE CASCADE  ,
    modified_on TIMESTAMP,
    modified_by INTEGER REFERENCES auth_user (id) ON DELETE CASCADE  ,
    user_id INTEGER REFERENCES auth_user (id) ON DELETE CASCADE  ,
    researchgroup_id INTEGER REFERENCES researchgroup (id) ON DELETE CASCADE  
);
success!
timestamp: 2017-03-14T12:48:28.851410
CREATE TABLE user_doc(
    id SERIAL PRIMARY KEY,
    is_active CHAR(1),
    created_on TIMESTAMP,
    created_by INTEGER REFERENCES auth_user (id) ON DELETE CASCADE  ,
    modified_on TIMESTAMP,
    modified_by INTEGER REFERENCES auth_user (id) ON DELETE CASCADE  ,
    user_id INTEGER REFERENCES auth_user (id) ON DELETE CASCADE  ,
    doc_id INTEGER REFERENCES doc (id) ON DELETE CASCADE  
);
success!
timestamp: 2017-03-14T12:48:28.918581
CREATE TABLE bookmark(
    id SERIAL PRIMARY KEY,
    is_active CHAR(1),
    created_on TIMESTAMP,
    created_by INTEGER REFERENCES auth_user (id) ON DELETE CASCADE  ,
    modified_on TIMESTAMP,
    modified_by INTEGER REFERENCES auth_user (id) ON DELETE CASCADE  ,
    user_id INTEGER REFERENCES auth_user (id) ON DELETE CASCADE  ,
    compound_id INTEGER REFERENCES compound (id) ON DELETE CASCADE  
);
success!
timestamp: 2017-03-14T12:48:29.089048
CREATE TABLE partused(
    id SERIAL PRIMARY KEY,
    is_active CHAR(1),
    created_on TIMESTAMP,
    created_by INTEGER REFERENCES auth_user (id) ON DELETE CASCADE  ,
    modified_on TIMESTAMP,
    modified_by INTEGER REFERENCES auth_user (id) ON DELETE CASCADE  ,
    partname_en VARCHAR(512),
    partname_es VARCHAR(512)
);
success!
timestamp: 2017-03-14T12:48:29.344726
CREATE TABLE extract(
    id SERIAL PRIMARY KEY,
    is_active CHAR(1),
    created_on TIMESTAMP,
    created_by INTEGER REFERENCES auth_user (id) ON DELETE CASCADE  ,
    modified_on TIMESTAMP,
    modified_by INTEGER REFERENCES auth_user (id) ON DELETE CASCADE  ,
    source_id INTEGER REFERENCES source (id) ON DELETE CASCADE  ,
    location_id INTEGER REFERENCES location (id) ON DELETE CASCADE  ,
    partused_id INTEGER REFERENCES partused (id) ON DELETE CASCADE  ,
    extractpreparation TEXT
);
success!
timestamp: 2017-03-14T12:48:29.520483
CREATE TABLE extract_doc(
    id SERIAL PRIMARY KEY,
    is_active CHAR(1),
    created_on TIMESTAMP,
    created_by INTEGER REFERENCES auth_user (id) ON DELETE CASCADE  ,
    modified_on TIMESTAMP,
    modified_by INTEGER REFERENCES auth_user (id) ON DELETE CASCADE  ,
    extract_id INTEGER REFERENCES extract (id) ON DELETE CASCADE  ,
    doc_id INTEGER REFERENCES doc (id) ON DELETE CASCADE  
);
success!
timestamp: 2017-03-14T12:48:29.679468
CREATE TABLE compound_extract(
    id SERIAL PRIMARY KEY,
    is_active CHAR(1),
    created_on TIMESTAMP,
    created_by INTEGER REFERENCES auth_user (id) ON DELETE CASCADE  ,
    modified_on TIMESTAMP,
    modified_by INTEGER REFERENCES auth_user (id) ON DELETE CASCADE  ,
    extract_id INTEGER REFERENCES extract (id) ON DELETE CASCADE  ,
    compound_id INTEGER REFERENCES compound (id) ON DELETE CASCADE  ,
    compoundamount FLOAT8
);
success!
timestamp: 2017-03-14T12:48:29.770725
CREATE TABLE assay(
    id SERIAL PRIMARY KEY,
    is_active CHAR(1),
    created_on TIMESTAMP,
    created_by INTEGER REFERENCES auth_user (id) ON DELETE CASCADE  ,
    modified_on TIMESTAMP,
    modified_by INTEGER REFERENCES auth_user (id) ON DELETE CASCADE  ,
    assayname VARCHAR(512),
    assaydescription TEXT,
    pubchecbioassay_id VARCHAR(512)
);
success!
timestamp: 2017-03-14T12:48:29.963727
CREATE TABLE extract_assay(
    id SERIAL PRIMARY KEY,
    is_active CHAR(1),
    created_on TIMESTAMP,
    created_by INTEGER REFERENCES auth_user (id) ON DELETE CASCADE  ,
    modified_on TIMESTAMP,
    modified_by INTEGER REFERENCES auth_user (id) ON DELETE CASCADE  ,
    extract_id INTEGER REFERENCES extract (id) ON DELETE CASCADE  ,
    compound_id INTEGER REFERENCES compound (id) ON DELETE CASCADE  ,
    compoundamount FLOAT8,
    inhibition FLOAT8,
    activity FLOAT8,
    cytotoxicity FLOAT8,
    sideEffects TEXT
);
success!
timestamp: 2017-03-14T12:48:30.055358
CREATE TABLE assay_doc(
    id SERIAL PRIMARY KEY,
    is_active CHAR(1),
    created_on TIMESTAMP,
    created_by INTEGER REFERENCES auth_user (id) ON DELETE CASCADE  ,
    modified_on TIMESTAMP,
    modified_by INTEGER REFERENCES auth_user (id) ON DELETE CASCADE  ,
    assay_id INTEGER REFERENCES assay (id) ON DELETE CASCADE  ,
    doc_id INTEGER REFERENCES doc (id) ON DELETE CASCADE  
);
success!
timestamp: 2017-03-14T12:48:30.146847
CREATE TABLE target(
    id SERIAL PRIMARY KEY,
    is_active CHAR(1),
    created_on TIMESTAMP,
    created_by INTEGER REFERENCES auth_user (id) ON DELETE CASCADE  ,
    modified_on TIMESTAMP,
    modified_by INTEGER REFERENCES auth_user (id) ON DELETE CASCADE  ,
    targetname VARCHAR(512)
);
success!
timestamp: 2017-03-14T12:48:30.247063
CREATE TABLE assay_target(
    id SERIAL PRIMARY KEY,
    is_active CHAR(1),
    created_on TIMESTAMP,
    created_by INTEGER REFERENCES auth_user (id) ON DELETE CASCADE  ,
    modified_on TIMESTAMP,
    modified_by INTEGER REFERENCES auth_user (id) ON DELETE CASCADE  ,
    assay_id INTEGER REFERENCES assay (id) ON DELETE CASCADE  ,
    target_id INTEGER REFERENCES target (id) ON DELETE CASCADE  
);
success!
timestamp: 2017-03-14T12:48:30.381353
CREATE TABLE compoundsubmission(
    id SERIAL PRIMARY KEY,
    is_active CHAR(1),
    created_on TIMESTAMP,
    created_by INTEGER REFERENCES auth_user (id) ON DELETE CASCADE  ,
    modified_on TIMESTAMP,
    modified_by INTEGER REFERENCES auth_user (id) ON DELETE CASCADE  ,
    inputsmiles VARCHAR(512),
    inchi VARCHAR(512),
    inchikey VARCHAR(512),
    isosmiles VARCHAR(512),
    cansmiles VARCHAR(512),
    molstructure TEXT,
    rdkitstructure mol,
    state VARCHAR(512),
    addinfo TEXT
);
success!
timestamp: 2017-03-14T12:48:30.606271
CREATE TABLE tmpsynonym(
    id SERIAL PRIMARY KEY,
    is_active CHAR(1),
    created_on TIMESTAMP,
    created_by INTEGER REFERENCES auth_user (id) ON DELETE CASCADE  ,
    modified_on TIMESTAMP,
    modified_by INTEGER REFERENCES auth_user (id) ON DELETE CASCADE  ,
    synonymname VARCHAR(512),
    compoundsubmission_id INTEGER REFERENCES compoundsubmission (id) ON DELETE CASCADE  
);
success!
timestamp: 2017-03-14T12:48:30.782286
CREATE TABLE tmpdoc(
    id SERIAL PRIMARY KEY,
    is_active CHAR(1),
    created_on TIMESTAMP,
    created_by INTEGER REFERENCES auth_user (id) ON DELETE CASCADE  ,
    modified_on TIMESTAMP,
    modified_by INTEGER REFERENCES auth_user (id) ON DELETE CASCADE  ,
    journal VARCHAR(512),
    year TIMESTAMP,
    volume INTEGER,
    issue INTEGER,
    firstpage INTEGER,
    lastpage INTEGER,
    doi VARCHAR(512),
    isbn10 VARCHAR(512),
    issn VARCHAR(512),
    pubmed_id VARCHAR(512),
    title TEXT,
    doctype VARCHAR(512),
    authors VARCHAR(512),
    abstract TEXT,
    url TEXT
);
success!
timestamp: 2017-03-14T12:48:30.898389
CREATE TABLE tmpcompound_tmpdoc(
    id SERIAL PRIMARY KEY,
    is_active CHAR(1),
    created_on TIMESTAMP,
    created_by INTEGER REFERENCES auth_user (id) ON DELETE CASCADE  ,
    modified_on TIMESTAMP,
    modified_by INTEGER REFERENCES auth_user (id) ON DELETE CASCADE  ,
    compoundsubmission_id INTEGER REFERENCES compoundsubmission (id) ON DELETE CASCADE  ,
    doc_id INTEGER REFERENCES tmpdoc (id) ON DELETE CASCADE  
);
success!
timestamp: 2017-03-29T14:39:55.170271
ALTER TABLE compoundsubmission ADD synonym TEXT;
success!
timestamp: 2017-03-29T14:40:53.490346
ALTER TABLE compoundsubmission DROP COLUMN synonym;
success!
timestamp: 2017-03-29T14:49:20.362134
ALTER TABLE compoundsubmission ADD synonym TEXT;
success!
timestamp: 2017-03-29T15:01:04.111148
ALTER TABLE compoundsubmission DROP COLUMN synonym;
success!
timestamp: 2017-03-29T15:11:28.198141
ALTER TABLE compoundsubmission ADD synonym TEXT;
success!
timestamp: 2017-04-26T14:44:08.316219
ALTER TABLE tmpdoc ADD compoundsubmission_id INTEGER REFERENCES compoundsubmission (id) ON DELETE CASCADE  ;
success!
timestamp: 2017-04-26T15:00:11.324050
CREATE TABLE tmprdkitstructure(
    id SERIAL PRIMARY KEY,
    is_active CHAR(1),
    created_on TIMESTAMP,
    created_by INTEGER REFERENCES auth_user (id) ON DELETE CASCADE  ,
    modified_on TIMESTAMP,
    modified_by INTEGER REFERENCES auth_user (id) ON DELETE CASCADE  ,
    rdkitstructure mol,
    compoundsubmission_id INTEGER REFERENCES compoundsubmission (id) ON DELETE CASCADE  
);
success!
timestamp: 2017-04-26T15:07:16.611435
CREATE TABLE tmpmolstructure(
    id SERIAL PRIMARY KEY,
    is_active CHAR(1),
    created_on TIMESTAMP,
    created_by INTEGER REFERENCES auth_user (id) ON DELETE CASCADE  ,
    modified_on TIMESTAMP,
    modified_by INTEGER REFERENCES auth_user (id) ON DELETE CASCADE  ,
    molstructure TEXT,
    compoundsubmission_id INTEGER REFERENCES compoundsubmission (id) ON DELETE CASCADE  
);
success!
timestamp: 2017-04-27T14:31:01.692127
ALTER TABLE doc ADD isbn10 VARCHAR(512);
timestamp: 2017-04-27T14:31:02.064354
ALTER TABLE doc ADD issn VARCHAR(512);
timestamp: 2017-04-27T14:31:02.069689
ALTER TABLE doc DROP COLUMN isbn;
success!
timestamp: 2017-05-03T14:32:35.911063
ALTER TABLE compoundsubmission ADD approved CHAR(1);
success!
timestamp: 2017-05-03T14:32:36.074727
ALTER TABLE tmpdoc ADD approved CHAR(1);
success!
timestamp: 2017-05-03T16:37:53.622514
ALTER TABLE compoundsubmission ADD imagepath TEXT;
success!
timestamp: 2017-05-05T17:15:34.908346
ALTER TABLE compoundproperty DROP COLUMN molecularvolume;
success!
timestamp: 2017-05-10T11:47:22.493995
ALTER TABLE compound ADD synonym_id TEXT;
success!
timestamp: 2017-05-10T11:47:22.770052
ALTER TABLE synonym DROP COLUMN compound_id;
success!
timestamp: 2017-05-10T12:23:51.321074
ALTER TABLE compound DROP COLUMN synonym_id;
success!
timestamp: 2017-05-10T12:23:51.362818
ALTER TABLE synonym ADD compound_id INTEGER REFERENCES compound (id) ON DELETE CASCADE  ;
success!
timestamp: 2017-05-10T12:31:01.057701
ALTER TABLE compound ADD synonym TEXT;
success!
